State 48 conflicts: 6 shift/reduce
State 76 conflicts: 6 shift/reduce


Grammar

    0 $accept: Program $end

    1 Program: ExtDefList

    2 ExtDefList: %empty
    3           | ExtDef ExtDefList

    4 ExtDef: Specifier ExtDecList SEMI
    5       | Specifier SEMI
    6       | Specifier FunDec CompSt
    7       | Specifier error CompSt

    8 ExtDecList: VarDec
    9           | VarDec COMMA ExtDecList

   10 Specifier: TYPE
   11          | StructSpecifier

   12 StructSpecifier: STRUCT OptTag LC DefList RC
   13                | STRUCT Tag
   14                | Exp error

   15 OptTag: %empty
   16       | ID

   17 Tag: ID

   18 VarDec: ID
   19       | VarDec LB INT RB

   20 FunDec: ID LP VarList RP
   21       | ID LP RP
   22       | error RP

   23 VarList: ParamDec COMMA VarList
   24        | ParamDec

   25 ParamDec: Specifier VarDec

   26 CompSt: LC DefList StmtList RC
   27       | error RC

   28 StmtList: Stmt StmtList
   29         | %empty

   30 Stmt: Exp SEMI
   31     | CompSt
   32     | RETURN Exp SEMI
   33     | IF LP Exp RP Stmt
   34     | IF LP Exp RP Stmt ELSE Stmt
   35     | WHILE LP Exp RP Stmt
   36     | error SEMI
   37     | WHILE LP Exp error
   38     | Exp error

   39 DefList: %empty
   40        | Def DefList

   41 Def: Specifier DecList SEMI
   42    | Specifier error SEMI

   43 DecList: Dec
   44        | Dec COMMA DecList

   45 Dec: VarDec
   46    | VarDec ASSIGNOP Exp

   47 Exp: Exp ASSIGNOP Exp
   48    | Exp AND Exp
   49    | Exp OR Exp
   50    | Exp RELOP Exp
   51    | Exp PLUS Exp
   52    | Exp MINUS Exp
   53    | Exp STAR Exp
   54    | Exp DIV Exp
   55    | LP Exp RP
   56    | MINUS Exp
   57    | NOT Exp
   58    | ID LP Args RP
   59    | ID LP RP
   60    | Exp LB Exp RB
   61    | Exp DOT ID
   62    | ID
   63    | INT
   64    | FLOAT
   65    | Exp RELOP error
   66    | Exp ASSIGNOP error
   67    | Exp AND error
   68    | Exp OR error
   69    | Exp PLUS error
   70    | Exp MINUS error
   71    | Exp STAR error
   72    | Exp DIV error
   73    | Exp DOT error

   74 Args: Exp COMMA Args
   75     | Exp


Terminals, with rules where they appear

    $end (0) 0
    error <type_node> (256) 7 14 22 27 36 37 38 42 65 66 67 68 69 70 71 72 73
    SEMI <type_node> (258) 4 5 30 32 36 41 42
    COMMA <type_node> (259) 9 23 44 74
    ASSIGNOP <type_node> (260) 46 47 66
    RELOP <type_node> (261) 50 65
    PLUS <type_node> (262) 51 69
    MINUS <type_node> (263) 52 56 70
    STAR <type_node> (264) 53 71
    DIV <type_node> (265) 54 72
    AND <type_node> (266) 48 67
    OR <type_node> (267) 49 68
    DOT <type_node> (268) 61 73
    NOT <type_node> (269) 57
    TYPE <type_node> (270) 10
    LP <type_node> (271) 20 21 33 34 35 37 55 58 59
    RP <type_node> (272) 20 21 22 33 34 35 55 58 59
    LB <type_node> (273) 19 60
    RB <type_node> (274) 19 60
    LC <type_node> (275) 12 26
    RC <type_node> (276) 12 26 27
    STRUCT <type_node> (277) 12 13
    RETURN <type_node> (278) 32
    IF <type_node> (279) 33 34
    ELSE <type_node> (280) 34
    WHILE <type_node> (281) 35 37
    ID <type_node> (282) 16 17 18 20 21 58 59 61 62
    INT <type_node> (283) 19 63
    FLOAT <type_node> (284) 64
    LOWER_THAN_ELSE (285)


Nonterminals, with rules where they appear

    $accept (31)
        on left: 0
    Program <type_node> (32)
        on left: 1
        on right: 0
    ExtDefList <type_node> (33)
        on left: 2 3
        on right: 1 3
    ExtDef <type_node> (34)
        on left: 4 5 6 7
        on right: 3
    ExtDecList <type_node> (35)
        on left: 8 9
        on right: 4 9
    Specifier <type_node> (36)
        on left: 10 11
        on right: 4 5 6 7 25 41 42
    StructSpecifier <type_node> (37)
        on left: 12 13 14
        on right: 11
    OptTag <type_node> (38)
        on left: 15 16
        on right: 12
    Tag <type_node> (39)
        on left: 17
        on right: 13
    VarDec <type_node> (40)
        on left: 18 19
        on right: 8 9 19 25 45 46
    FunDec <type_node> (41)
        on left: 20 21 22
        on right: 6
    VarList <type_node> (42)
        on left: 23 24
        on right: 20 23
    ParamDec <type_node> (43)
        on left: 25
        on right: 23 24
    CompSt <type_node> (44)
        on left: 26 27
        on right: 6 7 31
    StmtList <type_node> (45)
        on left: 28 29
        on right: 26 28
    Stmt <type_node> (46)
        on left: 30 31 32 33 34 35 36 37 38
        on right: 28 33 34 35
    DefList <type_node> (47)
        on left: 39 40
        on right: 12 26 40
    Def <type_node> (48)
        on left: 41 42
        on right: 40
    DecList <type_node> (49)
        on left: 43 44
        on right: 41 44
    Dec <type_node> (50)
        on left: 45 46
        on right: 43 44
    Exp <type_node> (51)
        on left: 47 48 49 50 51 52 53 54 55 56 57 58 59 60 61 62 63 64 65 66 67 68 69 70 71 72 73
        on right: 14 30 32 33 34 35 37 38 46 47 48 49 50 51 52 53 54 55 56 57 60 61 65 66 67 68 69 70 71 72 73 74 75
    Args <type_node> (52)
        on left: 74 75
        on right: 58 74


State 0

    0 $accept: . Program $end

    MINUS   shift, and go to state 1
    NOT     shift, and go to state 2
    TYPE    shift, and go to state 3
    LP      shift, and go to state 4
    STRUCT  shift, and go to state 5
    ID      shift, and go to state 6
    INT     shift, and go to state 7
    FLOAT   shift, and go to state 8

    $default  reduce using rule 2 (ExtDefList)

    Program          go to state 9
    ExtDefList       go to state 10
    ExtDef           go to state 11
    Specifier        go to state 12
    StructSpecifier  go to state 13
    Exp              go to state 14


State 1

   56 Exp: MINUS . Exp

    MINUS  shift, and go to state 1
    NOT    shift, and go to state 2
    LP     shift, and go to state 4
    ID     shift, and go to state 6
    INT    shift, and go to state 7
    FLOAT  shift, and go to state 8

    Exp  go to state 15


State 2

   57 Exp: NOT . Exp

    MINUS  shift, and go to state 1
    NOT    shift, and go to state 2
    LP     shift, and go to state 4
    ID     shift, and go to state 6
    INT    shift, and go to state 7
    FLOAT  shift, and go to state 8

    Exp  go to state 16


State 3

   10 Specifier: TYPE .

    $default  reduce using rule 10 (Specifier)


State 4

   55 Exp: LP . Exp RP

    MINUS  shift, and go to state 1
    NOT    shift, and go to state 2
    LP     shift, and go to state 4
    ID     shift, and go to state 6
    INT    shift, and go to state 7
    FLOAT  shift, and go to state 8

    Exp  go to state 17


State 5

   12 StructSpecifier: STRUCT . OptTag LC DefList RC
   13                | STRUCT . Tag

    ID  shift, and go to state 18

    $default  reduce using rule 15 (OptTag)

    OptTag  go to state 19
    Tag     go to state 20


State 6

   58 Exp: ID . LP Args RP
   59    | ID . LP RP
   62    | ID .

    LP  shift, and go to state 21

    $default  reduce using rule 62 (Exp)


State 7

   63 Exp: INT .

    $default  reduce using rule 63 (Exp)


State 8

   64 Exp: FLOAT .

    $default  reduce using rule 64 (Exp)


State 9

    0 $accept: Program . $end

    $end  shift, and go to state 22


State 10

    1 Program: ExtDefList .

    $default  reduce using rule 1 (Program)


State 11

    3 ExtDefList: ExtDef . ExtDefList

    MINUS   shift, and go to state 1
    NOT     shift, and go to state 2
    TYPE    shift, and go to state 3
    LP      shift, and go to state 4
    STRUCT  shift, and go to state 5
    ID      shift, and go to state 6
    INT     shift, and go to state 7
    FLOAT   shift, and go to state 8

    $default  reduce using rule 2 (ExtDefList)

    ExtDefList       go to state 23
    ExtDef           go to state 11
    Specifier        go to state 12
    StructSpecifier  go to state 13
    Exp              go to state 14


State 12

    4 ExtDef: Specifier . ExtDecList SEMI
    5       | Specifier . SEMI
    6       | Specifier . FunDec CompSt
    7       | Specifier . error CompSt

    error  shift, and go to state 24
    SEMI   shift, and go to state 25
    ID     shift, and go to state 26

    ExtDecList  go to state 27
    VarDec      go to state 28
    FunDec      go to state 29


State 13

   11 Specifier: StructSpecifier .

    $default  reduce using rule 11 (Specifier)


State 14

   14 StructSpecifier: Exp . error
   47 Exp: Exp . ASSIGNOP Exp
   48    | Exp . AND Exp
   49    | Exp . OR Exp
   50    | Exp . RELOP Exp
   51    | Exp . PLUS Exp
   52    | Exp . MINUS Exp
   53    | Exp . STAR Exp
   54    | Exp . DIV Exp
   60    | Exp . LB Exp RB
   61    | Exp . DOT ID
   65    | Exp . RELOP error
   66    | Exp . ASSIGNOP error
   67    | Exp . AND error
   68    | Exp . OR error
   69    | Exp . PLUS error
   70    | Exp . MINUS error
   71    | Exp . STAR error
   72    | Exp . DIV error
   73    | Exp . DOT error

    error     shift, and go to state 30
    ASSIGNOP  shift, and go to state 31
    RELOP     shift, and go to state 32
    PLUS      shift, and go to state 33
    MINUS     shift, and go to state 34
    STAR      shift, and go to state 35
    DIV       shift, and go to state 36
    AND       shift, and go to state 37
    OR        shift, and go to state 38
    DOT       shift, and go to state 39
    LB        shift, and go to state 40


State 15

   47 Exp: Exp . ASSIGNOP Exp
   48    | Exp . AND Exp
   49    | Exp . OR Exp
   50    | Exp . RELOP Exp
   51    | Exp . PLUS Exp
   52    | Exp . MINUS Exp
   53    | Exp . STAR Exp
   54    | Exp . DIV Exp
   56    | MINUS Exp .
   60    | Exp . LB Exp RB
   61    | Exp . DOT ID
   65    | Exp . RELOP error
   66    | Exp . ASSIGNOP error
   67    | Exp . AND error
   68    | Exp . OR error
   69    | Exp . PLUS error
   70    | Exp . MINUS error
   71    | Exp . STAR error
   72    | Exp . DIV error
   73    | Exp . DOT error

    STAR  shift, and go to state 35
    DIV   shift, and go to state 36
    DOT   shift, and go to state 39
    LB    shift, and go to state 40

    $default  reduce using rule 56 (Exp)


State 16

   47 Exp: Exp . ASSIGNOP Exp
   48    | Exp . AND Exp
   49    | Exp . OR Exp
   50    | Exp . RELOP Exp
   51    | Exp . PLUS Exp
   52    | Exp . MINUS Exp
   53    | Exp . STAR Exp
   54    | Exp . DIV Exp
   57    | NOT Exp .
   60    | Exp . LB Exp RB
   61    | Exp . DOT ID
   65    | Exp . RELOP error
   66    | Exp . ASSIGNOP error
   67    | Exp . AND error
   68    | Exp . OR error
   69    | Exp . PLUS error
   70    | Exp . MINUS error
   71    | Exp . STAR error
   72    | Exp . DIV error
   73    | Exp . DOT error

    DOT  shift, and go to state 39
    LB   shift, and go to state 40

    $default  reduce using rule 57 (Exp)


State 17

   47 Exp: Exp . ASSIGNOP Exp
   48    | Exp . AND Exp
   49    | Exp . OR Exp
   50    | Exp . RELOP Exp
   51    | Exp . PLUS Exp
   52    | Exp . MINUS Exp
   53    | Exp . STAR Exp
   54    | Exp . DIV Exp
   55    | LP Exp . RP
   60    | Exp . LB Exp RB
   61    | Exp . DOT ID
   65    | Exp . RELOP error
   66    | Exp . ASSIGNOP error
   67    | Exp . AND error
   68    | Exp . OR error
   69    | Exp . PLUS error
   70    | Exp . MINUS error
   71    | Exp . STAR error
   72    | Exp . DIV error
   73    | Exp . DOT error

    ASSIGNOP  shift, and go to state 31
    RELOP     shift, and go to state 32
    PLUS      shift, and go to state 33
    MINUS     shift, and go to state 34
    STAR      shift, and go to state 35
    DIV       shift, and go to state 36
    AND       shift, and go to state 37
    OR        shift, and go to state 38
    DOT       shift, and go to state 39
    RP        shift, and go to state 41
    LB        shift, and go to state 40


State 18

   16 OptTag: ID .
   17 Tag: ID .

    LC        reduce using rule 16 (OptTag)
    $default  reduce using rule 17 (Tag)


State 19

   12 StructSpecifier: STRUCT OptTag . LC DefList RC

    LC  shift, and go to state 42


State 20

   13 StructSpecifier: STRUCT Tag .

    $default  reduce using rule 13 (StructSpecifier)


State 21

   58 Exp: ID LP . Args RP
   59    | ID LP . RP

    MINUS  shift, and go to state 1
    NOT    shift, and go to state 2
    LP     shift, and go to state 4
    RP     shift, and go to state 43
    ID     shift, and go to state 6
    INT    shift, and go to state 7
    FLOAT  shift, and go to state 8

    Exp   go to state 44
    Args  go to state 45


State 22

    0 $accept: Program $end .

    $default  accept


State 23

    3 ExtDefList: ExtDef ExtDefList .

    $default  reduce using rule 3 (ExtDefList)


State 24

    7 ExtDef: Specifier error . CompSt
   22 FunDec: error . RP

    error  shift, and go to state 46
    RP     shift, and go to state 47
    LC     shift, and go to state 48

    CompSt  go to state 49


State 25

    5 ExtDef: Specifier SEMI .

    $default  reduce using rule 5 (ExtDef)


State 26

   18 VarDec: ID .
   20 FunDec: ID . LP VarList RP
   21       | ID . LP RP

    LP  shift, and go to state 50

    $default  reduce using rule 18 (VarDec)


State 27

    4 ExtDef: Specifier ExtDecList . SEMI

    SEMI  shift, and go to state 51


State 28

    8 ExtDecList: VarDec .
    9           | VarDec . COMMA ExtDecList
   19 VarDec: VarDec . LB INT RB

    COMMA  shift, and go to state 52
    LB     shift, and go to state 53

    $default  reduce using rule 8 (ExtDecList)


State 29

    6 ExtDef: Specifier FunDec . CompSt

    error  shift, and go to state 46
    LC     shift, and go to state 48

    CompSt  go to state 54


State 30

   14 StructSpecifier: Exp error .

    $default  reduce using rule 14 (StructSpecifier)


State 31

   47 Exp: Exp ASSIGNOP . Exp
   66    | Exp ASSIGNOP . error

    error  shift, and go to state 55
    MINUS  shift, and go to state 1
    NOT    shift, and go to state 2
    LP     shift, and go to state 4
    ID     shift, and go to state 6
    INT    shift, and go to state 7
    FLOAT  shift, and go to state 8

    Exp  go to state 56


State 32

   50 Exp: Exp RELOP . Exp
   65    | Exp RELOP . error

    error  shift, and go to state 57
    MINUS  shift, and go to state 1
    NOT    shift, and go to state 2
    LP     shift, and go to state 4
    ID     shift, and go to state 6
    INT    shift, and go to state 7
    FLOAT  shift, and go to state 8

    Exp  go to state 58


State 33

   51 Exp: Exp PLUS . Exp
   69    | Exp PLUS . error

    error  shift, and go to state 59
    MINUS  shift, and go to state 1
    NOT    shift, and go to state 2
    LP     shift, and go to state 4
    ID     shift, and go to state 6
    INT    shift, and go to state 7
    FLOAT  shift, and go to state 8

    Exp  go to state 60


State 34

   52 Exp: Exp MINUS . Exp
   70    | Exp MINUS . error

    error  shift, and go to state 61
    MINUS  shift, and go to state 1
    NOT    shift, and go to state 2
    LP     shift, and go to state 4
    ID     shift, and go to state 6
    INT    shift, and go to state 7
    FLOAT  shift, and go to state 8

    Exp  go to state 62


State 35

   53 Exp: Exp STAR . Exp
   71    | Exp STAR . error

    error  shift, and go to state 63
    MINUS  shift, and go to state 1
    NOT    shift, and go to state 2
    LP     shift, and go to state 4
    ID     shift, and go to state 6
    INT    shift, and go to state 7
    FLOAT  shift, and go to state 8

    Exp  go to state 64


State 36

   54 Exp: Exp DIV . Exp
   72    | Exp DIV . error

    error  shift, and go to state 65
    MINUS  shift, and go to state 1
    NOT    shift, and go to state 2
    LP     shift, and go to state 4
    ID     shift, and go to state 6
    INT    shift, and go to state 7
    FLOAT  shift, and go to state 8

    Exp  go to state 66


State 37

   48 Exp: Exp AND . Exp
   67    | Exp AND . error

    error  shift, and go to state 67
    MINUS  shift, and go to state 1
    NOT    shift, and go to state 2
    LP     shift, and go to state 4
    ID     shift, and go to state 6
    INT    shift, and go to state 7
    FLOAT  shift, and go to state 8

    Exp  go to state 68


State 38

   49 Exp: Exp OR . Exp
   68    | Exp OR . error

    error  shift, and go to state 69
    MINUS  shift, and go to state 1
    NOT    shift, and go to state 2
    LP     shift, and go to state 4
    ID     shift, and go to state 6
    INT    shift, and go to state 7
    FLOAT  shift, and go to state 8

    Exp  go to state 70


State 39

   61 Exp: Exp DOT . ID
   73    | Exp DOT . error

    error  shift, and go to state 71
    ID     shift, and go to state 72


State 40

   60 Exp: Exp LB . Exp RB

    MINUS  shift, and go to state 1
    NOT    shift, and go to state 2
    LP     shift, and go to state 4
    ID     shift, and go to state 6
    INT    shift, and go to state 7
    FLOAT  shift, and go to state 8

    Exp  go to state 73


State 41

   55 Exp: LP Exp RP .

    $default  reduce using rule 55 (Exp)


State 42

   12 StructSpecifier: STRUCT OptTag LC . DefList RC

    MINUS   shift, and go to state 1
    NOT     shift, and go to state 2
    TYPE    shift, and go to state 3
    LP      shift, and go to state 4
    STRUCT  shift, and go to state 5
    ID      shift, and go to state 6
    INT     shift, and go to state 7
    FLOAT   shift, and go to state 8

    $default  reduce using rule 39 (DefList)

    Specifier        go to state 74
    StructSpecifier  go to state 13
    DefList          go to state 75
    Def              go to state 76
    Exp              go to state 14


State 43

   59 Exp: ID LP RP .

    $default  reduce using rule 59 (Exp)


State 44

   47 Exp: Exp . ASSIGNOP Exp
   48    | Exp . AND Exp
   49    | Exp . OR Exp
   50    | Exp . RELOP Exp
   51    | Exp . PLUS Exp
   52    | Exp . MINUS Exp
   53    | Exp . STAR Exp
   54    | Exp . DIV Exp
   60    | Exp . LB Exp RB
   61    | Exp . DOT ID
   65    | Exp . RELOP error
   66    | Exp . ASSIGNOP error
   67    | Exp . AND error
   68    | Exp . OR error
   69    | Exp . PLUS error
   70    | Exp . MINUS error
   71    | Exp . STAR error
   72    | Exp . DIV error
   73    | Exp . DOT error
   74 Args: Exp . COMMA Args
   75     | Exp .

    COMMA     shift, and go to state 77
    ASSIGNOP  shift, and go to state 31
    RELOP     shift, and go to state 32
    PLUS      shift, and go to state 33
    MINUS     shift, and go to state 34
    STAR      shift, and go to state 35
    DIV       shift, and go to state 36
    AND       shift, and go to state 37
    OR        shift, and go to state 38
    DOT       shift, and go to state 39
    LB        shift, and go to state 40

    $default  reduce using rule 75 (Args)


State 45

   58 Exp: ID LP Args . RP

    RP  shift, and go to state 78


State 46

   27 CompSt: error . RC

    RC  shift, and go to state 79


State 47

   22 FunDec: error RP .

    $default  reduce using rule 22 (FunDec)


State 48

   26 CompSt: LC . DefList StmtList RC

    MINUS   shift, and go to state 1
    NOT     shift, and go to state 2
    TYPE    shift, and go to state 3
    LP      shift, and go to state 4
    STRUCT  shift, and go to state 5
    ID      shift, and go to state 6
    INT     shift, and go to state 7
    FLOAT   shift, and go to state 8

    MINUS     [reduce using rule 39 (DefList)]
    NOT       [reduce using rule 39 (DefList)]
    LP        [reduce using rule 39 (DefList)]
    ID        [reduce using rule 39 (DefList)]
    INT       [reduce using rule 39 (DefList)]
    FLOAT     [reduce using rule 39 (DefList)]
    $default  reduce using rule 39 (DefList)

    Specifier        go to state 74
    StructSpecifier  go to state 13
    DefList          go to state 80
    Def              go to state 76
    Exp              go to state 14


State 49

    7 ExtDef: Specifier error CompSt .

    $default  reduce using rule 7 (ExtDef)


State 50

   20 FunDec: ID LP . VarList RP
   21       | ID LP . RP

    MINUS   shift, and go to state 1
    NOT     shift, and go to state 2
    TYPE    shift, and go to state 3
    LP      shift, and go to state 4
    RP      shift, and go to state 81
    STRUCT  shift, and go to state 5
    ID      shift, and go to state 6
    INT     shift, and go to state 7
    FLOAT   shift, and go to state 8

    Specifier        go to state 82
    StructSpecifier  go to state 13
    VarList          go to state 83
    ParamDec         go to state 84
    Exp              go to state 14


State 51

    4 ExtDef: Specifier ExtDecList SEMI .

    $default  reduce using rule 4 (ExtDef)


State 52

    9 ExtDecList: VarDec COMMA . ExtDecList

    ID  shift, and go to state 85

    ExtDecList  go to state 86
    VarDec      go to state 28


State 53

   19 VarDec: VarDec LB . INT RB

    INT  shift, and go to state 87


State 54

    6 ExtDef: Specifier FunDec CompSt .

    $default  reduce using rule 6 (ExtDef)


State 55

   66 Exp: Exp ASSIGNOP error .

    $default  reduce using rule 66 (Exp)


State 56

   47 Exp: Exp . ASSIGNOP Exp
   47    | Exp ASSIGNOP Exp .
   48    | Exp . AND Exp
   49    | Exp . OR Exp
   50    | Exp . RELOP Exp
   51    | Exp . PLUS Exp
   52    | Exp . MINUS Exp
   53    | Exp . STAR Exp
   54    | Exp . DIV Exp
   60    | Exp . LB Exp RB
   61    | Exp . DOT ID
   65    | Exp . RELOP error
   66    | Exp . ASSIGNOP error
   67    | Exp . AND error
   68    | Exp . OR error
   69    | Exp . PLUS error
   70    | Exp . MINUS error
   71    | Exp . STAR error
   72    | Exp . DIV error
   73    | Exp . DOT error

    ASSIGNOP  shift, and go to state 31
    RELOP     shift, and go to state 32
    PLUS      shift, and go to state 33
    MINUS     shift, and go to state 34
    STAR      shift, and go to state 35
    DIV       shift, and go to state 36
    AND       shift, and go to state 37
    OR        shift, and go to state 38
    DOT       shift, and go to state 39
    LB        shift, and go to state 40

    $default  reduce using rule 47 (Exp)


State 57

   65 Exp: Exp RELOP error .

    $default  reduce using rule 65 (Exp)


State 58

   47 Exp: Exp . ASSIGNOP Exp
   48    | Exp . AND Exp
   49    | Exp . OR Exp
   50    | Exp . RELOP Exp
   50    | Exp RELOP Exp .
   51    | Exp . PLUS Exp
   52    | Exp . MINUS Exp
   53    | Exp . STAR Exp
   54    | Exp . DIV Exp
   60    | Exp . LB Exp RB
   61    | Exp . DOT ID
   65    | Exp . RELOP error
   66    | Exp . ASSIGNOP error
   67    | Exp . AND error
   68    | Exp . OR error
   69    | Exp . PLUS error
   70    | Exp . MINUS error
   71    | Exp . STAR error
   72    | Exp . DIV error
   73    | Exp . DOT error

    PLUS   shift, and go to state 33
    MINUS  shift, and go to state 34
    STAR   shift, and go to state 35
    DIV    shift, and go to state 36
    DOT    shift, and go to state 39
    LB     shift, and go to state 40

    $default  reduce using rule 50 (Exp)


State 59

   69 Exp: Exp PLUS error .

    $default  reduce using rule 69 (Exp)


State 60

   47 Exp: Exp . ASSIGNOP Exp
   48    | Exp . AND Exp
   49    | Exp . OR Exp
   50    | Exp . RELOP Exp
   51    | Exp . PLUS Exp
   51    | Exp PLUS Exp .
   52    | Exp . MINUS Exp
   53    | Exp . STAR Exp
   54    | Exp . DIV Exp
   60    | Exp . LB Exp RB
   61    | Exp . DOT ID
   65    | Exp . RELOP error
   66    | Exp . ASSIGNOP error
   67    | Exp . AND error
   68    | Exp . OR error
   69    | Exp . PLUS error
   70    | Exp . MINUS error
   71    | Exp . STAR error
   72    | Exp . DIV error
   73    | Exp . DOT error

    STAR  shift, and go to state 35
    DIV   shift, and go to state 36
    DOT   shift, and go to state 39
    LB    shift, and go to state 40

    $default  reduce using rule 51 (Exp)


State 61

   70 Exp: Exp MINUS error .

    $default  reduce using rule 70 (Exp)


State 62

   47 Exp: Exp . ASSIGNOP Exp
   48    | Exp . AND Exp
   49    | Exp . OR Exp
   50    | Exp . RELOP Exp
   51    | Exp . PLUS Exp
   52    | Exp . MINUS Exp
   52    | Exp MINUS Exp .
   53    | Exp . STAR Exp
   54    | Exp . DIV Exp
   60    | Exp . LB Exp RB
   61    | Exp . DOT ID
   65    | Exp . RELOP error
   66    | Exp . ASSIGNOP error
   67    | Exp . AND error
   68    | Exp . OR error
   69    | Exp . PLUS error
   70    | Exp . MINUS error
   71    | Exp . STAR error
   72    | Exp . DIV error
   73    | Exp . DOT error

    STAR  shift, and go to state 35
    DIV   shift, and go to state 36
    DOT   shift, and go to state 39
    LB    shift, and go to state 40

    $default  reduce using rule 52 (Exp)


State 63

   71 Exp: Exp STAR error .

    $default  reduce using rule 71 (Exp)


State 64

   47 Exp: Exp . ASSIGNOP Exp
   48    | Exp . AND Exp
   49    | Exp . OR Exp
   50    | Exp . RELOP Exp
   51    | Exp . PLUS Exp
   52    | Exp . MINUS Exp
   53    | Exp . STAR Exp
   53    | Exp STAR Exp .
   54    | Exp . DIV Exp
   60    | Exp . LB Exp RB
   61    | Exp . DOT ID
   65    | Exp . RELOP error
   66    | Exp . ASSIGNOP error
   67    | Exp . AND error
   68    | Exp . OR error
   69    | Exp . PLUS error
   70    | Exp . MINUS error
   71    | Exp . STAR error
   72    | Exp . DIV error
   73    | Exp . DOT error

    DOT  shift, and go to state 39
    LB   shift, and go to state 40

    $default  reduce using rule 53 (Exp)


State 65

   72 Exp: Exp DIV error .

    $default  reduce using rule 72 (Exp)


State 66

   47 Exp: Exp . ASSIGNOP Exp
   48    | Exp . AND Exp
   49    | Exp . OR Exp
   50    | Exp . RELOP Exp
   51    | Exp . PLUS Exp
   52    | Exp . MINUS Exp
   53    | Exp . STAR Exp
   54    | Exp . DIV Exp
   54    | Exp DIV Exp .
   60    | Exp . LB Exp RB
   61    | Exp . DOT ID
   65    | Exp . RELOP error
   66    | Exp . ASSIGNOP error
   67    | Exp . AND error
   68    | Exp . OR error
   69    | Exp . PLUS error
   70    | Exp . MINUS error
   71    | Exp . STAR error
   72    | Exp . DIV error
   73    | Exp . DOT error

    DOT  shift, and go to state 39
    LB   shift, and go to state 40

    $default  reduce using rule 54 (Exp)


State 67

   67 Exp: Exp AND error .

    $default  reduce using rule 67 (Exp)


State 68

   47 Exp: Exp . ASSIGNOP Exp
   48    | Exp . AND Exp
   48    | Exp AND Exp .
   49    | Exp . OR Exp
   50    | Exp . RELOP Exp
   51    | Exp . PLUS Exp
   52    | Exp . MINUS Exp
   53    | Exp . STAR Exp
   54    | Exp . DIV Exp
   60    | Exp . LB Exp RB
   61    | Exp . DOT ID
   65    | Exp . RELOP error
   66    | Exp . ASSIGNOP error
   67    | Exp . AND error
   68    | Exp . OR error
   69    | Exp . PLUS error
   70    | Exp . MINUS error
   71    | Exp . STAR error
   72    | Exp . DIV error
   73    | Exp . DOT error

    RELOP  shift, and go to state 32
    PLUS   shift, and go to state 33
    MINUS  shift, and go to state 34
    STAR   shift, and go to state 35
    DIV    shift, and go to state 36
    DOT    shift, and go to state 39
    LB     shift, and go to state 40

    $default  reduce using rule 48 (Exp)


State 69

   68 Exp: Exp OR error .

    $default  reduce using rule 68 (Exp)


State 70

   47 Exp: Exp . ASSIGNOP Exp
   48    | Exp . AND Exp
   49    | Exp . OR Exp
   49    | Exp OR Exp .
   50    | Exp . RELOP Exp
   51    | Exp . PLUS Exp
   52    | Exp . MINUS Exp
   53    | Exp . STAR Exp
   54    | Exp . DIV Exp
   60    | Exp . LB Exp RB
   61    | Exp . DOT ID
   65    | Exp . RELOP error
   66    | Exp . ASSIGNOP error
   67    | Exp . AND error
   68    | Exp . OR error
   69    | Exp . PLUS error
   70    | Exp . MINUS error
   71    | Exp . STAR error
   72    | Exp . DIV error
   73    | Exp . DOT error

    RELOP  shift, and go to state 32
    PLUS   shift, and go to state 33
    MINUS  shift, and go to state 34
    STAR   shift, and go to state 35
    DIV    shift, and go to state 36
    AND    shift, and go to state 37
    DOT    shift, and go to state 39
    LB     shift, and go to state 40

    $default  reduce using rule 49 (Exp)


State 71

   73 Exp: Exp DOT error .

    $default  reduce using rule 73 (Exp)


State 72

   61 Exp: Exp DOT ID .

    $default  reduce using rule 61 (Exp)


State 73

   47 Exp: Exp . ASSIGNOP Exp
   48    | Exp . AND Exp
   49    | Exp . OR Exp
   50    | Exp . RELOP Exp
   51    | Exp . PLUS Exp
   52    | Exp . MINUS Exp
   53    | Exp . STAR Exp
   54    | Exp . DIV Exp
   60    | Exp . LB Exp RB
   60    | Exp LB Exp . RB
   61    | Exp . DOT ID
   65    | Exp . RELOP error
   66    | Exp . ASSIGNOP error
   67    | Exp . AND error
   68    | Exp . OR error
   69    | Exp . PLUS error
   70    | Exp . MINUS error
   71    | Exp . STAR error
   72    | Exp . DIV error
   73    | Exp . DOT error

    ASSIGNOP  shift, and go to state 31
    RELOP     shift, and go to state 32
    PLUS      shift, and go to state 33
    MINUS     shift, and go to state 34
    STAR      shift, and go to state 35
    DIV       shift, and go to state 36
    AND       shift, and go to state 37
    OR        shift, and go to state 38
    DOT       shift, and go to state 39
    LB        shift, and go to state 40
    RB        shift, and go to state 88


State 74

   41 Def: Specifier . DecList SEMI
   42    | Specifier . error SEMI

    error  shift, and go to state 89
    ID     shift, and go to state 85

    VarDec   go to state 90
    DecList  go to state 91
    Dec      go to state 92


State 75

   12 StructSpecifier: STRUCT OptTag LC DefList . RC

    RC  shift, and go to state 93


State 76

   40 DefList: Def . DefList

    MINUS   shift, and go to state 1
    NOT     shift, and go to state 2
    TYPE    shift, and go to state 3
    LP      shift, and go to state 4
    STRUCT  shift, and go to state 5
    ID      shift, and go to state 6
    INT     shift, and go to state 7
    FLOAT   shift, and go to state 8

    MINUS     [reduce using rule 39 (DefList)]
    NOT       [reduce using rule 39 (DefList)]
    LP        [reduce using rule 39 (DefList)]
    ID        [reduce using rule 39 (DefList)]
    INT       [reduce using rule 39 (DefList)]
    FLOAT     [reduce using rule 39 (DefList)]
    $default  reduce using rule 39 (DefList)

    Specifier        go to state 74
    StructSpecifier  go to state 13
    DefList          go to state 94
    Def              go to state 76
    Exp              go to state 14


State 77

   74 Args: Exp COMMA . Args

    MINUS  shift, and go to state 1
    NOT    shift, and go to state 2
    LP     shift, and go to state 4
    ID     shift, and go to state 6
    INT    shift, and go to state 7
    FLOAT  shift, and go to state 8

    Exp   go to state 44
    Args  go to state 95


State 78

   58 Exp: ID LP Args RP .

    $default  reduce using rule 58 (Exp)


State 79

   27 CompSt: error RC .

    $default  reduce using rule 27 (CompSt)


State 80

   26 CompSt: LC DefList . StmtList RC

    error   shift, and go to state 96
    MINUS   shift, and go to state 1
    NOT     shift, and go to state 2
    LP      shift, and go to state 4
    LC      shift, and go to state 48
    RETURN  shift, and go to state 97
    IF      shift, and go to state 98
    WHILE   shift, and go to state 99
    ID      shift, and go to state 6
    INT     shift, and go to state 7
    FLOAT   shift, and go to state 8

    RC  reduce using rule 29 (StmtList)

    CompSt    go to state 100
    StmtList  go to state 101
    Stmt      go to state 102
    Exp       go to state 103


State 81

   21 FunDec: ID LP RP .

    $default  reduce using rule 21 (FunDec)


State 82

   25 ParamDec: Specifier . VarDec

    ID  shift, and go to state 85

    VarDec  go to state 104


State 83

   20 FunDec: ID LP VarList . RP

    RP  shift, and go to state 105


State 84

   23 VarList: ParamDec . COMMA VarList
   24        | ParamDec .

    COMMA  shift, and go to state 106

    $default  reduce using rule 24 (VarList)


State 85

   18 VarDec: ID .

    $default  reduce using rule 18 (VarDec)


State 86

    9 ExtDecList: VarDec COMMA ExtDecList .

    $default  reduce using rule 9 (ExtDecList)


State 87

   19 VarDec: VarDec LB INT . RB

    RB  shift, and go to state 107


State 88

   60 Exp: Exp LB Exp RB .

    $default  reduce using rule 60 (Exp)


State 89

   42 Def: Specifier error . SEMI

    SEMI  shift, and go to state 108


State 90

   19 VarDec: VarDec . LB INT RB
   45 Dec: VarDec .
   46    | VarDec . ASSIGNOP Exp

    ASSIGNOP  shift, and go to state 109
    LB        shift, and go to state 53

    $default  reduce using rule 45 (Dec)


State 91

   41 Def: Specifier DecList . SEMI

    SEMI  shift, and go to state 110


State 92

   43 DecList: Dec .
   44        | Dec . COMMA DecList

    COMMA  shift, and go to state 111

    $default  reduce using rule 43 (DecList)


State 93

   12 StructSpecifier: STRUCT OptTag LC DefList RC .

    $default  reduce using rule 12 (StructSpecifier)


State 94

   40 DefList: Def DefList .

    $default  reduce using rule 40 (DefList)


State 95

   74 Args: Exp COMMA Args .

    $default  reduce using rule 74 (Args)


State 96

   27 CompSt: error . RC
   36 Stmt: error . SEMI

    SEMI  shift, and go to state 112
    RC    shift, and go to state 79


State 97

   32 Stmt: RETURN . Exp SEMI

    MINUS  shift, and go to state 1
    NOT    shift, and go to state 2
    LP     shift, and go to state 4
    ID     shift, and go to state 6
    INT    shift, and go to state 7
    FLOAT  shift, and go to state 8

    Exp  go to state 113


State 98

   33 Stmt: IF . LP Exp RP Stmt
   34     | IF . LP Exp RP Stmt ELSE Stmt

    LP  shift, and go to state 114


State 99

   35 Stmt: WHILE . LP Exp RP Stmt
   37     | WHILE . LP Exp error

    LP  shift, and go to state 115


State 100

   31 Stmt: CompSt .

    $default  reduce using rule 31 (Stmt)


State 101

   26 CompSt: LC DefList StmtList . RC

    RC  shift, and go to state 116


State 102

   28 StmtList: Stmt . StmtList

    error   shift, and go to state 96
    MINUS   shift, and go to state 1
    NOT     shift, and go to state 2
    LP      shift, and go to state 4
    LC      shift, and go to state 48
    RETURN  shift, and go to state 97
    IF      shift, and go to state 98
    WHILE   shift, and go to state 99
    ID      shift, and go to state 6
    INT     shift, and go to state 7
    FLOAT   shift, and go to state 8

    RC  reduce using rule 29 (StmtList)

    CompSt    go to state 100
    StmtList  go to state 117
    Stmt      go to state 102
    Exp       go to state 103


State 103

   30 Stmt: Exp . SEMI
   38     | Exp . error
   47 Exp: Exp . ASSIGNOP Exp
   48    | Exp . AND Exp
   49    | Exp . OR Exp
   50    | Exp . RELOP Exp
   51    | Exp . PLUS Exp
   52    | Exp . MINUS Exp
   53    | Exp . STAR Exp
   54    | Exp . DIV Exp
   60    | Exp . LB Exp RB
   61    | Exp . DOT ID
   65    | Exp . RELOP error
   66    | Exp . ASSIGNOP error
   67    | Exp . AND error
   68    | Exp . OR error
   69    | Exp . PLUS error
   70    | Exp . MINUS error
   71    | Exp . STAR error
   72    | Exp . DIV error
   73    | Exp . DOT error

    error     shift, and go to state 118
    SEMI      shift, and go to state 119
    ASSIGNOP  shift, and go to state 31
    RELOP     shift, and go to state 32
    PLUS      shift, and go to state 33
    MINUS     shift, and go to state 34
    STAR      shift, and go to state 35
    DIV       shift, and go to state 36
    AND       shift, and go to state 37
    OR        shift, and go to state 38
    DOT       shift, and go to state 39
    LB        shift, and go to state 40


State 104

   19 VarDec: VarDec . LB INT RB
   25 ParamDec: Specifier VarDec .

    LB  shift, and go to state 53

    $default  reduce using rule 25 (ParamDec)


State 105

   20 FunDec: ID LP VarList RP .

    $default  reduce using rule 20 (FunDec)


State 106

   23 VarList: ParamDec COMMA . VarList

    MINUS   shift, and go to state 1
    NOT     shift, and go to state 2
    TYPE    shift, and go to state 3
    LP      shift, and go to state 4
    STRUCT  shift, and go to state 5
    ID      shift, and go to state 6
    INT     shift, and go to state 7
    FLOAT   shift, and go to state 8

    Specifier        go to state 82
    StructSpecifier  go to state 13
    VarList          go to state 120
    ParamDec         go to state 84
    Exp              go to state 14


State 107

   19 VarDec: VarDec LB INT RB .

    $default  reduce using rule 19 (VarDec)


State 108

   42 Def: Specifier error SEMI .

    $default  reduce using rule 42 (Def)


State 109

   46 Dec: VarDec ASSIGNOP . Exp

    MINUS  shift, and go to state 1
    NOT    shift, and go to state 2
    LP     shift, and go to state 4
    ID     shift, and go to state 6
    INT    shift, and go to state 7
    FLOAT  shift, and go to state 8

    Exp  go to state 121


State 110

   41 Def: Specifier DecList SEMI .

    $default  reduce using rule 41 (Def)


State 111

   44 DecList: Dec COMMA . DecList

    ID  shift, and go to state 85

    VarDec   go to state 90
    DecList  go to state 122
    Dec      go to state 92


State 112

   36 Stmt: error SEMI .

    $default  reduce using rule 36 (Stmt)


State 113

   32 Stmt: RETURN Exp . SEMI
   47 Exp: Exp . ASSIGNOP Exp
   48    | Exp . AND Exp
   49    | Exp . OR Exp
   50    | Exp . RELOP Exp
   51    | Exp . PLUS Exp
   52    | Exp . MINUS Exp
   53    | Exp . STAR Exp
   54    | Exp . DIV Exp
   60    | Exp . LB Exp RB
   61    | Exp . DOT ID
   65    | Exp . RELOP error
   66    | Exp . ASSIGNOP error
   67    | Exp . AND error
   68    | Exp . OR error
   69    | Exp . PLUS error
   70    | Exp . MINUS error
   71    | Exp . STAR error
   72    | Exp . DIV error
   73    | Exp . DOT error

    SEMI      shift, and go to state 123
    ASSIGNOP  shift, and go to state 31
    RELOP     shift, and go to state 32
    PLUS      shift, and go to state 33
    MINUS     shift, and go to state 34
    STAR      shift, and go to state 35
    DIV       shift, and go to state 36
    AND       shift, and go to state 37
    OR        shift, and go to state 38
    DOT       shift, and go to state 39
    LB        shift, and go to state 40


State 114

   33 Stmt: IF LP . Exp RP Stmt
   34     | IF LP . Exp RP Stmt ELSE Stmt

    MINUS  shift, and go to state 1
    NOT    shift, and go to state 2
    LP     shift, and go to state 4
    ID     shift, and go to state 6
    INT    shift, and go to state 7
    FLOAT  shift, and go to state 8

    Exp  go to state 124


State 115

   35 Stmt: WHILE LP . Exp RP Stmt
   37     | WHILE LP . Exp error

    MINUS  shift, and go to state 1
    NOT    shift, and go to state 2
    LP     shift, and go to state 4
    ID     shift, and go to state 6
    INT    shift, and go to state 7
    FLOAT  shift, and go to state 8

    Exp  go to state 125


State 116

   26 CompSt: LC DefList StmtList RC .

    $default  reduce using rule 26 (CompSt)


State 117

   28 StmtList: Stmt StmtList .

    $default  reduce using rule 28 (StmtList)


State 118

   38 Stmt: Exp error .

    $default  reduce using rule 38 (Stmt)


State 119

   30 Stmt: Exp SEMI .

    $default  reduce using rule 30 (Stmt)


State 120

   23 VarList: ParamDec COMMA VarList .

    $default  reduce using rule 23 (VarList)


State 121

   46 Dec: VarDec ASSIGNOP Exp .
   47 Exp: Exp . ASSIGNOP Exp
   48    | Exp . AND Exp
   49    | Exp . OR Exp
   50    | Exp . RELOP Exp
   51    | Exp . PLUS Exp
   52    | Exp . MINUS Exp
   53    | Exp . STAR Exp
   54    | Exp . DIV Exp
   60    | Exp . LB Exp RB
   61    | Exp . DOT ID
   65    | Exp . RELOP error
   66    | Exp . ASSIGNOP error
   67    | Exp . AND error
   68    | Exp . OR error
   69    | Exp . PLUS error
   70    | Exp . MINUS error
   71    | Exp . STAR error
   72    | Exp . DIV error
   73    | Exp . DOT error

    ASSIGNOP  shift, and go to state 31
    RELOP     shift, and go to state 32
    PLUS      shift, and go to state 33
    MINUS     shift, and go to state 34
    STAR      shift, and go to state 35
    DIV       shift, and go to state 36
    AND       shift, and go to state 37
    OR        shift, and go to state 38
    DOT       shift, and go to state 39
    LB        shift, and go to state 40

    $default  reduce using rule 46 (Dec)


State 122

   44 DecList: Dec COMMA DecList .

    $default  reduce using rule 44 (DecList)


State 123

   32 Stmt: RETURN Exp SEMI .

    $default  reduce using rule 32 (Stmt)


State 124

   33 Stmt: IF LP Exp . RP Stmt
   34     | IF LP Exp . RP Stmt ELSE Stmt
   47 Exp: Exp . ASSIGNOP Exp
   48    | Exp . AND Exp
   49    | Exp . OR Exp
   50    | Exp . RELOP Exp
   51    | Exp . PLUS Exp
   52    | Exp . MINUS Exp
   53    | Exp . STAR Exp
   54    | Exp . DIV Exp
   60    | Exp . LB Exp RB
   61    | Exp . DOT ID
   65    | Exp . RELOP error
   66    | Exp . ASSIGNOP error
   67    | Exp . AND error
   68    | Exp . OR error
   69    | Exp . PLUS error
   70    | Exp . MINUS error
   71    | Exp . STAR error
   72    | Exp . DIV error
   73    | Exp . DOT error

    ASSIGNOP  shift, and go to state 31
    RELOP     shift, and go to state 32
    PLUS      shift, and go to state 33
    MINUS     shift, and go to state 34
    STAR      shift, and go to state 35
    DIV       shift, and go to state 36
    AND       shift, and go to state 37
    OR        shift, and go to state 38
    DOT       shift, and go to state 39
    RP        shift, and go to state 126
    LB        shift, and go to state 40


State 125

   35 Stmt: WHILE LP Exp . RP Stmt
   37     | WHILE LP Exp . error
   47 Exp: Exp . ASSIGNOP Exp
   48    | Exp . AND Exp
   49    | Exp . OR Exp
   50    | Exp . RELOP Exp
   51    | Exp . PLUS Exp
   52    | Exp . MINUS Exp
   53    | Exp . STAR Exp
   54    | Exp . DIV Exp
   60    | Exp . LB Exp RB
   61    | Exp . DOT ID
   65    | Exp . RELOP error
   66    | Exp . ASSIGNOP error
   67    | Exp . AND error
   68    | Exp . OR error
   69    | Exp . PLUS error
   70    | Exp . MINUS error
   71    | Exp . STAR error
   72    | Exp . DIV error
   73    | Exp . DOT error

    error     shift, and go to state 127
    ASSIGNOP  shift, and go to state 31
    RELOP     shift, and go to state 32
    PLUS      shift, and go to state 33
    MINUS     shift, and go to state 34
    STAR      shift, and go to state 35
    DIV       shift, and go to state 36
    AND       shift, and go to state 37
    OR        shift, and go to state 38
    DOT       shift, and go to state 39
    RP        shift, and go to state 128
    LB        shift, and go to state 40


State 126

   33 Stmt: IF LP Exp RP . Stmt
   34     | IF LP Exp RP . Stmt ELSE Stmt

    error   shift, and go to state 96
    MINUS   shift, and go to state 1
    NOT     shift, and go to state 2
    LP      shift, and go to state 4
    LC      shift, and go to state 48
    RETURN  shift, and go to state 97
    IF      shift, and go to state 98
    WHILE   shift, and go to state 99
    ID      shift, and go to state 6
    INT     shift, and go to state 7
    FLOAT   shift, and go to state 8

    CompSt  go to state 100
    Stmt    go to state 129
    Exp     go to state 103


State 127

   37 Stmt: WHILE LP Exp error .

    $default  reduce using rule 37 (Stmt)


State 128

   35 Stmt: WHILE LP Exp RP . Stmt

    error   shift, and go to state 96
    MINUS   shift, and go to state 1
    NOT     shift, and go to state 2
    LP      shift, and go to state 4
    LC      shift, and go to state 48
    RETURN  shift, and go to state 97
    IF      shift, and go to state 98
    WHILE   shift, and go to state 99
    ID      shift, and go to state 6
    INT     shift, and go to state 7
    FLOAT   shift, and go to state 8

    CompSt  go to state 100
    Stmt    go to state 130
    Exp     go to state 103


State 129

   33 Stmt: IF LP Exp RP Stmt .
   34     | IF LP Exp RP Stmt . ELSE Stmt

    ELSE  shift, and go to state 131

    $default  reduce using rule 33 (Stmt)


State 130

   35 Stmt: WHILE LP Exp RP Stmt .

    $default  reduce using rule 35 (Stmt)


State 131

   34 Stmt: IF LP Exp RP Stmt ELSE . Stmt

    error   shift, and go to state 96
    MINUS   shift, and go to state 1
    NOT     shift, and go to state 2
    LP      shift, and go to state 4
    LC      shift, and go to state 48
    RETURN  shift, and go to state 97
    IF      shift, and go to state 98
    WHILE   shift, and go to state 99
    ID      shift, and go to state 6
    INT     shift, and go to state 7
    FLOAT   shift, and go to state 8

    CompSt  go to state 100
    Stmt    go to state 132
    Exp     go to state 103


State 132

   34 Stmt: IF LP Exp RP Stmt ELSE Stmt .

    $default  reduce using rule 34 (Stmt)
